# Processing FEL
0 Processing: FLTHIV1VPU2017.msa.FEL.json
1 Processing: FLTHIV1TAT2017.msa.FEL.json
2 Processing: FLTHIV1GAG2017.msa.FEL.json
3 Processing: FLTHIV1ENV2017.msa.FEL.json
4 Processing: FLTHIV1NEF2017.msa.FEL.json
5 Processing: FLTHIV1VIF2017.msa.FEL.json
6 Processing: FLTHIV1REV2017.msa.FEL.json
8 Processing: FLTHIV1VPR2017.msa.FEL.json
9 Processing: FLTHIV1POL2017.msa.FEL.json

# Processing FEL
0 Processing: FLTHIV1GAG2017.msa.FUBAR.json
1 Processing: FLTHIV1REV2017.msa.FUBAR.json
2 Processing: FLTHIV1TAT2017.msa.FUBAR.json
3 Processing: FLTHIV1NEF2017.msa.FUBAR.json
4 Processing: FLTHIV1VPU2017.msa.FUBAR.json
5 Processing: FLTHIV1VIF2017.msa.FUBAR.json
6 Processing: FLTHIV1ENV2017.msa.FUBAR.json
7 Processing: FLTHIV1POL2017.msa.FUBAR.json
8 Processing: FLTHIV1VPR2017.msa.FUBAR.json

# Report
FLTHIV1VPU2017.msa.FEL.json 38 69
FLTHIV1TAT2017.msa.FEL.json 50 47
FLTHIV1GAG2017.msa.FEL.json 131 500
FLTHIV1ENV2017.msa.FEL.json 359 774
FLTHIV1NEF2017.msa.FEL.json 82 197
FLTHIV1VIF2017.msa.FEL.json 56 119
FLTHIV1REV2017.msa.FEL.json 47 75
FLTHIV1VPR2017.msa.FEL.json 14 80
FLTHIV1POL2017.msa.FEL.json 143 858
FLTHIV1GAG2017.msa.FUBAR.json 107 460
FLTHIV1REV2017.msa.FUBAR.json 43 63
FLTHIV1TAT2017.msa.FUBAR.json 45 44
FLTHIV1NEF2017.msa.FUBAR.json 55 168
FLTHIV1VPU2017.msa.FUBAR.json 28 58
FLTHIV1VIF2017.msa.FUBAR.json 51 115
FLTHIV1ENV2017.msa.FUBAR.json 261 637
FLTHIV1POL2017.msa.FUBAR.json 116 853
FLTHIV1VPR2017.msa.FUBAR.json 12 78


# Round 1. FLTHIV1VPU2017.msa.FEL.json FLTHIV1VPU2017.msa.FUBAR.json
Checking if FEL positive selection site(s) occur in FUBAR negatively selected sites
Checking if FEL negatively selected site(s) occur in FUBAR positively selected sites

# Round 2. FLTHIV1VPU2017.msa.FUBAR.json
Checking if FUBAR positive selection site(s) occur in FEL negatively selected sites
Checking if FUBAR negatively selected site(s) occur in FEL positively selected sites

# Round 1. FLTHIV1TAT2017.msa.FEL.json FLTHIV1TAT2017.msa.FUBAR.json
Checking if FEL positive selection site(s) occur in FUBAR negatively selected sites
Checking if FEL negatively selected site(s) occur in FUBAR positively selected sites

# Round 2. FLTHIV1TAT2017.msa.FUBAR.json
Checking if FUBAR positive selection site(s) occur in FEL negatively selected sites
Checking if FUBAR negatively selected site(s) occur in FEL positively selected sites

# Round 1. FLTHIV1GAG2017.msa.FEL.json FLTHIV1GAG2017.msa.FUBAR.json
Checking if FEL positive selection site(s) occur in FUBAR negatively selected sites
Checking if FEL negatively selected site(s) occur in FUBAR positively selected sites

# Round 2. FLTHIV1GAG2017.msa.FUBAR.json
Checking if FUBAR positive selection site(s) occur in FEL negatively selected sites
Checking if FUBAR negatively selected site(s) occur in FEL positively selected sites

# Round 1. FLTHIV1ENV2017.msa.FEL.json FLTHIV1ENV2017.msa.FUBAR.json
Checking if FEL positive selection site(s) occur in FUBAR negatively selected sites
Checking if FEL negatively selected site(s) occur in FUBAR positively selected sites
### CONFLICT FLTHIV1ENV2017.msa.FEL.json FLTHIV1ENV2017.msa.FUBAR.json 1976

# Round 2. FLTHIV1ENV2017.msa.FUBAR.json
Checking if FUBAR positive selection site(s) occur in FEL negatively selected sites
### CONFLICT FLTHIV1ENV2017.msa.FEL.json FLTHIV1ENV2017.msa.FUBAR.json 1976
Checking if FUBAR negatively selected site(s) occur in FEL positively selected sites

# Round 1. FLTHIV1NEF2017.msa.FEL.json FLTHIV1NEF2017.msa.FUBAR.json
Checking if FEL positive selection site(s) occur in FUBAR negatively selected sites
Checking if FEL negatively selected site(s) occur in FUBAR positively selected sites

# Round 2. FLTHIV1NEF2017.msa.FUBAR.json
Checking if FUBAR positive selection site(s) occur in FEL negatively selected sites
Checking if FUBAR negatively selected site(s) occur in FEL positively selected sites

# Round 1. FLTHIV1VIF2017.msa.FEL.json FLTHIV1VIF2017.msa.FUBAR.json
Checking if FEL positive selection site(s) occur in FUBAR negatively selected sites
Checking if FEL negatively selected site(s) occur in FUBAR positively selected sites

# Round 2. FLTHIV1VIF2017.msa.FUBAR.json
Checking if FUBAR positive selection site(s) occur in FEL negatively selected sites
Checking if FUBAR negatively selected site(s) occur in FEL positively selected sites

# Round 1. FLTHIV1REV2017.msa.FEL.json FLTHIV1REV2017.msa.FUBAR.json
Checking if FEL positive selection site(s) occur in FUBAR negatively selected sites
Checking if FEL negatively selected site(s) occur in FUBAR positively selected sites

# Round 2. FLTHIV1REV2017.msa.FUBAR.json
Checking if FUBAR positive selection site(s) occur in FEL negatively selected sites
Checking if FUBAR negatively selected site(s) occur in FEL positively selected sites

# Round 1. FLTHIV1VPR2017.msa.FEL.json FLTHIV1VPR2017.msa.FUBAR.json
Checking if FEL positive selection site(s) occur in FUBAR negatively selected sites
Checking if FEL negatively selected site(s) occur in FUBAR positively selected sites

# Round 2. FLTHIV1VPR2017.msa.FUBAR.json
Checking if FUBAR positive selection site(s) occur in FEL negatively selected sites
Checking if FUBAR negatively selected site(s) occur in FEL positively selected sites

# Round 1. FLTHIV1POL2017.msa.FEL.json FLTHIV1POL2017.msa.FUBAR.json
Checking if FEL positive selection site(s) occur in FUBAR negatively selected sites
Checking if FEL negatively selected site(s) occur in FUBAR positively selected sites

# Round 2. FLTHIV1POL2017.msa.FUBAR.json
Checking if FUBAR positive selection site(s) occur in FEL negatively selected sites
Checking if FUBAR negatively selected site(s) occur in FEL positively selected sites
